<?xml version="1.0" encoding="UTF-8"?>
<testsuite xmlns:xsi="http://www.w3.org/2001/XMLSchema-instance" xsi:noNamespaceSchemaLocation="https://maven.apache.org/surefire/maven-surefire-plugin/xsd/surefire-test-report-3.0.xsd" version="3.0" name="HttpServerTest" time="0.955" tests="7" errors="0" skipped="0" failures="0">
  <properties>
[...]
</properties>
  <testcase name="testDynamicRouteHandling" classname="HttpServerTest" time="0.03">
    <system-out><![CDATA[Query: name=Tomas, Key: name
]]></system-out>
  </testcase>
  <testcase name="testPi" classname="HttpServerTest" time="0.001"/>
  <testcase name="test404RouteNotFound" classname="HttpServerTest" time="0.001"/>
  <testcase name="testLoadComponents" classname="HttpServerTest" time="0.005">
    <system-out><![CDATA[✅ Cargando controlador: com.mycompany.lab03.controller.GreetingController
   📌 Ruta registrada: /greeting
   📌 Ruta registrada: /pi
]]></system-out>
  </testcase>
  <testcase name="testSumWithInvalidInput" classname="HttpServerTest" time="0.001"/>
  <testcase name="testSumCorrectValues" classname="HttpServerTest" time="0.002"/>
  <testcase name="testStaticFileServing" classname="HttpServerTest" time="0.889">
    <system-out><![CDATA[Ruta solicitada: /test.html
]]></system-out>
  </testcase>
</testsuite>